<?xml version="1.0" encoding="UTF-8"?>
<!-- Generated by org.testng.reporters.JUnitReportReporter -->
<testsuite hostname="DESKTOP-5IC372P" name="com.selenium.TestNG.TestNg_Description" tests="1" failures="0" timestamp="16 Sep 2017 16:24:48 GMT" time="0.015" errors="0">
  <testcase name="show" time="0.015" classname="com.selenium.TestNG.TestNg_Description"/>
</testsuite> <!-- com.selenium.TestNG.TestNg_Description -->
