<?xml version="1.0" encoding="UTF-8"?>
<!-- Generated by org.testng.reporters.JUnitReportReporter -->
<testsuite hostname="DESKTOP-5IC372P" name="com.selenium.actions.Action_ContextClick" tests="1" failures="0" timestamp="16 Sep 2017 04:39:05 GMT" time="5.404" errors="0">
  <testcase name="operation" time="5.404" classname="com.selenium.actions.Action_ContextClick"/>
</testsuite> <!-- com.selenium.actions.Action_ContextClick -->
