<?xml version="1.0" encoding="UTF-8"?>
<!-- Generated by org.testng.reporters.JUnitReportReporter -->
<testsuite hostname="DESKTOP-5IC372P" name="com.selenium.actions.Action_MouseMove" tests="1" failures="0" timestamp="16 Sep 2017 04:48:42 GMT" time="5.036" errors="0">
  <testcase name="operation" time="5.036" classname="com.selenium.actions.Action_MouseMove"/>
</testsuite> <!-- com.selenium.actions.Action_MouseMove -->
