<?xml version="1.0" encoding="UTF-8"?>
<!-- Generated by org.testng.reporters.JUnitReportReporter -->
<testsuite hostname="DESKTOP-5IC372P" name="com.selenium.TestNG.Listener_TestlistenerEx" tests="1" failures="0" timestamp="16 Sep 2017 16:00:17 GMT" time="22.903" errors="0">
  <testcase name="login" time="22.903" classname="com.selenium.TestNG.Listener_TestlistenerEx"/>
</testsuite> <!-- com.selenium.TestNG.Listener_TestlistenerEx -->
