<?xml version="1.0" encoding="UTF-8"?>
<!-- Generated by org.testng.reporters.JUnitReportReporter -->
<testsuite hostname="DESKTOP-5IC372P" name="com.selenium.switchto.Switchto_MultipleWindow" tests="1" failures="0" timestamp="16 Sep 2017 11:04:59 GMT" time="12.897" errors="0">
  <testcase name="operation" time="12.897" classname="com.selenium.switchto.Switchto_MultipleWindow"/>
</testsuite> <!-- com.selenium.switchto.Switchto_MultipleWindow -->
