<?xml version="1.0" encoding="UTF-8"?>
<!-- Generated by org.testng.reporters.JUnitReportReporter -->
<testsuite hostname="DESKTOP-5IC372P" name="com.selenium.TestNG.Testng1" tests="1" failures="0" timestamp="16 Sep 2017 16:14:28 GMT" time="0.016" errors="0">
  <testcase name="show1" time="0.016" classname="com.selenium.TestNG.Testng1"/>
</testsuite> <!-- com.selenium.TestNG.Testng1 -->
