<?xml version="1.0" encoding="UTF-8"?>
<!-- Generated by org.testng.reporters.JUnitReportReporter -->
<testsuite hostname="DESKTOP-5IC372P" name="com.selenium.TestNG.FlowTestClass1" tests="2" failures="0" timestamp="16 Sep 2017 15:56:00 GMT" time="0.010" errors="0">
  <testcase name="class1test2" time="0.002" classname="com.selenium.TestNG.FlowTestClass1"/>
  <testcase name="class1test1" time="0.008" classname="com.selenium.TestNG.FlowTestClass1"/>
</testsuite> <!-- com.selenium.TestNG.FlowTestClass1 -->
