<?xml version="1.0" encoding="UTF-8"?>
<!-- Generated by org.testng.reporters.JUnitReportReporter -->
<testsuite hostname="DESKTOP-5IC372P" name="com.selenium.actions.Action_Keyboard" tests="1" failures="0" timestamp="16 Sep 2017 04:45:13 GMT" time="4.097" errors="0">
  <testcase name="operation" time="4.097" classname="com.selenium.actions.Action_Keyboard"/>
</testsuite> <!-- com.selenium.actions.Action_Keyboard -->
