<?xml version="1.0" encoding="UTF-8"?>
<!-- Generated by org.testng.reporters.JUnitReportReporter -->
<testsuite hostname="DESKTOP-5IC372P" name="com.selenium.TestNG.GroupingTests" tests="3" failures="0" timestamp="16 Sep 2017 15:58:02 GMT" time="0.021" errors="0">
  <testcase name="bill" time="0.004" classname="com.selenium.TestNG.GroupingTests"/>
  <testcase name="FundTransfer" time="0.014" classname="com.selenium.TestNG.GroupingTests"/>
  <testcase name="search" time="0.003" classname="com.selenium.TestNG.GroupingTests"/>
</testsuite> <!-- com.selenium.TestNG.GroupingTests -->
