<?xml version="1.0" encoding="UTF-8"?>
<!-- Generated by org.testng.reporters.JUnitReportReporter -->
<testsuite hostname="DESKTOP-5IC372P" name="com.selenium.TestNG.Testng_Enabled" tests="2" failures="0" timestamp="16 Sep 2017 16:26:41 GMT" time="0.017" errors="0">
  <testcase name="show" time="0.015" classname="com.selenium.TestNG.Testng_Enabled"/>
  <testcase name="show1" time="0.002" classname="com.selenium.TestNG.Testng_Enabled"/>
</testsuite> <!-- com.selenium.TestNG.Testng_Enabled -->
