<?xml version="1.0" encoding="UTF-8"?>
<!-- Generated by org.testng.reporters.JUnitReportReporter -->
<testsuite hostname="DESKTOP-5IC372P" name="com.selenium.switchto.Demo" tests="1" failures="0" timestamp="16 Sep 2017 10:56:55 GMT" time="3.986" errors="0">
  <testcase name="operation" time="3.986" classname="com.selenium.switchto.Demo"/>
</testsuite> <!-- com.selenium.switchto.Demo -->
