<?xml version="1.0" encoding="UTF-8"?>
<!-- Generated by org.testng.reporters.JUnitReportReporter -->
<testsuite hostname="DESKTOP-5IC372P" name="com.selenium.TestNG.BaseTestngGroupClass" tests="4" failures="0" timestamp="16 Sep 2017 11:23:22 GMT" time="0.023" errors="0">
  <testcase name="testCaseFour" time="0.015" classname="com.selenium.TestNG.BaseTestngGroupClass"/>
  <testcase name="testCaseThree" time="0.002" classname="com.selenium.TestNG.BaseTestngGroupClass"/>
  <testcase name="testCaseTwo" time="0.004" classname="com.selenium.TestNG.BaseTestngGroupClass"/>
  <testcase name="testCaseOne" time="0.002" classname="com.selenium.TestNG.BaseTestngGroupClass"/>
</testsuite> <!-- com.selenium.TestNG.BaseTestngGroupClass -->
