<?xml version="1.0" encoding="UTF-8"?>
<!-- Generated by org.testng.reporters.JUnitReportReporter -->
<testsuite hostname="DESKTOP-5IC372P" name="com.selenium.switchto.Close2ndWindiw" tests="1" failures="0" timestamp="16 Sep 2017 10:53:54 GMT" time="3.760" errors="0">
  <testcase name="operation" time="3.760" classname="com.selenium.switchto.Close2ndWindiw"/>
</testsuite> <!-- com.selenium.switchto.Close2ndWindiw -->
