<?xml version="1.0" encoding="UTF-8"?>
<!-- Generated by org.testng.reporters.JUnitReportReporter -->
<testsuite hostname="DESKTOP-5IC372P" name="com.selenium.TestNG.AlwaysRunExample" tests="2" failures="0" timestamp="16 Sep 2017 11:09:38 GMT" time="0.022" errors="0">
  <testcase name="method1" time="0.018" classname="com.selenium.TestNG.AlwaysRunExample"/>
  <testcase name="method2" time="0.004" classname="com.selenium.TestNG.AlwaysRunExample"/>
</testsuite> <!-- com.selenium.TestNG.AlwaysRunExample -->
