<?xml version="1.0" encoding="UTF-8"?>
<!-- Generated by org.testng.reporters.JUnitReportReporter -->
<testsuite hostname="DESKTOP-5IC372P" name="com.selenium.TestNG.TestNGInvocationcountTimeoutEx" tests="1" failures="0" timestamp="16 Sep 2017 16:35:00 GMT" time="0.060" errors="0">
  <testcase name="test" time="0.060" classname="com.selenium.TestNG.TestNGInvocationcountTimeoutEx"/>
</testsuite> <!-- com.selenium.TestNG.TestNGInvocationcountTimeoutEx -->
