<?xml version="1.0" encoding="UTF-8"?>
<!-- Generated by org.testng.reporters.JUnitReportReporter -->
<testsuite hostname="DESKTOP-5IC372P" name="com.selenium.locator.Locator_CSSelector" tests="1" failures="0" timestamp="16 Sep 2017 10:07:47 GMT" time="4.233" errors="0">
  <testcase name="login" time="4.233" classname="com.selenium.locator.Locator_CSSelector"/>
</testsuite> <!-- com.selenium.locator.Locator_CSSelector -->
