<?xml version="1.0" encoding="UTF-8"?>
<!-- Generated by org.testng.reporters.JUnitReportReporter -->
<testsuite hostname="DESKTOP-5IC372P" name="com.selenium.locator.Locator_ID" tests="1" failures="0" timestamp="16 Sep 2017 10:11:36 GMT" time="5.843" errors="0">
  <testcase name="login" time="5.843" classname="com.selenium.locator.Locator_ID"/>
</testsuite> <!-- com.selenium.locator.Locator_ID -->
