<?xml version="1.0" encoding="UTF-8"?>
<!-- Generated by org.testng.reporters.JUnitReportReporter -->
<testsuite hostname="DESKTOP-5IC372P" name="com.selenium.TestNG.ParallelTestExec" tests="2" failures="0" timestamp="16 Sep 2017 16:04:06 GMT" time="0.021" errors="0">
  <testcase name="test1" time="0.014" classname="com.selenium.TestNG.ParallelTestExec"/>
  <testcase name="test2" time="0.007" classname="com.selenium.TestNG.ParallelTestExec"/>
</testsuite> <!-- com.selenium.TestNG.ParallelTestExec -->
