<?xml version="1.0" encoding="UTF-8"?>
<!-- Generated by org.testng.reporters.JUnitReportReporter -->
<testsuite hostname="DESKTOP-5IC372P" name="com.selenium.actions.Action_DragNDrop" tests="1" failures="0" timestamp="16 Sep 2017 04:42:04 GMT" time="35.031" errors="0">
  <testcase name="operation" time="35.031" classname="com.selenium.actions.Action_DragNDrop"/>
</testsuite> <!-- com.selenium.actions.Action_DragNDrop -->
