<?xml version="1.0" encoding="UTF-8"?>
<!-- Generated by org.testng.reporters.JUnitReportReporter -->
<testsuite hostname="DESKTOP-5IC372P" name="com.selenium.TestNG.RunTestMultipleTime" tests="11" failures="0" timestamp="16 Sep 2017 16:18:04 GMT" time="0.039" errors="0">
  <testcase name="display" time="0.015" classname="com.selenium.TestNG.RunTestMultipleTime"/>
  <testcase name="display1" time="0.003" classname="com.selenium.TestNG.RunTestMultipleTime"/>
  <testcase name="display" time="0.002" classname="com.selenium.TestNG.RunTestMultipleTime"/>
  <testcase name="display" time="0.003" classname="com.selenium.TestNG.RunTestMultipleTime"/>
  <testcase name="display" time="0.002" classname="com.selenium.TestNG.RunTestMultipleTime"/>
  <testcase name="display" time="0.003" classname="com.selenium.TestNG.RunTestMultipleTime"/>
  <testcase name="display" time="0.002" classname="com.selenium.TestNG.RunTestMultipleTime"/>
  <testcase name="display" time="0.003" classname="com.selenium.TestNG.RunTestMultipleTime"/>
  <testcase name="display" time="0.002" classname="com.selenium.TestNG.RunTestMultipleTime"/>
  <testcase name="display" time="0.002" classname="com.selenium.TestNG.RunTestMultipleTime"/>
  <testcase name="display" time="0.002" classname="com.selenium.TestNG.RunTestMultipleTime"/>
</testsuite> <!-- com.selenium.TestNG.RunTestMultipleTime -->
