<?xml version="1.0" encoding="UTF-8"?>
<!-- Generated by org.testng.reporters.JUnitReportReporter -->
<testsuite hostname="DESKTOP-5IC372P" name="com.selenium.locator.Locator_Xpath" tests="1" failures="0" timestamp="16 Sep 2017 10:17:59 GMT" time="4.243" errors="0">
  <testcase name="login" time="4.243" classname="com.selenium.locator.Locator_Xpath"/>
</testsuite> <!-- com.selenium.locator.Locator_Xpath -->
