<?xml version="1.0" encoding="UTF-8"?>
<!-- Generated by org.testng.reporters.JUnitReportReporter -->
<testsuite hostname="DESKTOP-5IC372P" name="com.selenium.TestNG.FlowTestClass2" tests="1" failures="0" timestamp="16 Sep 2017 15:56:08 GMT" time="0.007" errors="0">
  <testcase name="class2test1" time="0.007" classname="com.selenium.TestNG.FlowTestClass2"/>
</testsuite> <!-- com.selenium.TestNG.FlowTestClass2 -->
