<?xml version="1.0" encoding="UTF-8"?>
<!-- Generated by org.testng.reporters.JUnitReportReporter -->
<testsuite hostname="DESKTOP-5IC372P" name="com.selenium.actions.Action_Click" tests="1" failures="0" timestamp="16 Sep 2017 04:31:50 GMT" time="6.573" errors="0">
  <testcase name="operation" time="6.573" classname="com.selenium.actions.Action_Click"/>
</testsuite> <!-- com.selenium.actions.Action_Click -->
