<?xml version="1.0" encoding="UTF-8"?>
<!-- Generated by org.testng.reporters.JUnitReportReporter -->
<testsuite hostname="DESKTOP-5IC372P" name="com.selenium.TestNG.TestNGexpectedExpection" tests="1" failures="0" timestamp="16 Sep 2017 16:30:30 GMT" time="0.015" errors="0">
  <testcase name="divisionWithException" time="0.015" classname="com.selenium.TestNG.TestNGexpectedExpection"/>
</testsuite> <!-- com.selenium.TestNG.TestNGexpectedExpection -->
