<?xml version="1.0" encoding="UTF-8"?>
<!-- Generated by org.testng.reporters.JUnitReportReporter -->
<testsuite hostname="DESKTOP-5IC372P" name="com.selenium.TestNG.Listener_SuitlistenerEx" tests="1" failures="0" timestamp="16 Sep 2017 15:59:14 GMT" time="25.089" errors="0">
  <testcase name="login" time="25.089" classname="com.selenium.TestNG.Listener_SuitlistenerEx"/>
</testsuite> <!-- com.selenium.TestNG.Listener_SuitlistenerEx -->
