<?xml version="1.0" encoding="UTF-8"?>
<!-- Generated by org.testng.reporters.JUnitReportReporter -->
<testsuite hostname="DESKTOP-5IC372P" name="com.selenium.TestNG.Testng3" tests="1" failures="0" timestamp="16 Sep 2017 16:14:37 GMT" time="0.018" errors="0">
  <testcase name="show3" time="0.018" classname="com.selenium.TestNG.Testng3"/>
</testsuite> <!-- com.selenium.TestNG.Testng3 -->
