<?xml version="1.0" encoding="UTF-8"?>
<!-- Generated by org.testng.reporters.JUnitReportReporter -->
<testsuite hostname="DESKTOP-5IC372P" name="com.selenium.action.DragAndDrop" tests="1" failures="0" timestamp="4 Apr 2017 11:37:07 GMT" time="1.027" errors="0">
  <testcase name="operation" time="1.027" classname="com.selenium.action.DragAndDrop"/>
</testsuite> <!-- com.selenium.action.DragAndDrop -->
