<?xml version="1.0" encoding="UTF-8"?>
<!-- Generated by org.testng.reporters.JUnitReportReporter -->
<testsuite hostname="Rana-PC" name="com.selenium.testNG.SimpleTest2" tests="2" failures="0" timestamp="11 Mar 2017 12:50:01 GMT" time="0.002" errors="0">
  <testcase name="show2" time="0.001" classname="com.selenium.testNG.SimpleTest2"/>
  <testcase name="show1" time="0.001" classname="com.selenium.testNG.SimpleTest2"/>
</testsuite> <!-- com.selenium.testNG.SimpleTest2 -->
