<?xml version="1.0" encoding="UTF-8"?>
<!-- Generated by org.testng.reporters.JUnitReportReporter -->
<testsuite hostname="DESKTOP-5IC372P" name="com.selenium.testNG.FactoryExample" tests="16" failures="0" timestamp="7 Apr 2017 02:28:51 GMT" time="0.056" errors="0">
  <testcase name="a" time="0.002" classname="com.selenium.testNG.FactoryExample"/>
  <testcase name="c" time="0.004" classname="com.selenium.testNG.FactoryExample"/>
  <testcase name="b" time="0.006" classname="com.selenium.testNG.FactoryExample"/>
  <testcase name="c" time="0.006" classname="com.selenium.testNG.FactoryExample"/>
  <testcase name="c" time="0.005" classname="com.selenium.testNG.FactoryExample"/>
  <testcase name="b" time="0.002" classname="com.selenium.testNG.FactoryExample"/>
  <testcase name="a0" time="0.003" classname="com.selenium.testNG.FactoryExample"/>
  <testcase name="c" time="0.002" classname="com.selenium.testNG.FactoryExample"/>
  <testcase name="a" time="0.003" classname="com.selenium.testNG.FactoryExample"/>
  <testcase name="a" time="0.003" classname="com.selenium.testNG.FactoryExample"/>
  <testcase name="a0" time="0.004" classname="com.selenium.testNG.FactoryExample"/>
  <testcase name="a" time="0.002" classname="com.selenium.testNG.FactoryExample"/>
  <testcase name="b" time="0.003" classname="com.selenium.testNG.FactoryExample"/>
  <testcase name="a0" time="0.005" classname="com.selenium.testNG.FactoryExample"/>
  <testcase name="a0" time="0.004" classname="com.selenium.testNG.FactoryExample"/>
  <testcase name="b" time="0.002" classname="com.selenium.testNG.FactoryExample"/>
</testsuite> <!-- com.selenium.testNG.FactoryExample -->
