<?xml version="1.0" encoding="UTF-8"?>
<!-- Generated by org.testng.reporters.JUnitReportReporter -->
<testsuite hostname="Rana-PC" name="com.selenium.testNG.SimpleTest1" tests="20" failures="0" timestamp="11 Mar 2017 12:50:01 GMT" time="0.045" errors="0">
  <testcase name="show1" time="0.001" classname="com.selenium.testNG.SimpleTest1"/>
  <testcase name="show2" time="0.002" classname="com.selenium.testNG.SimpleTest1"/>
  <testcase name="show5" time="0.001" classname="com.selenium.testNG.SimpleTest1"/>
  <testcase name="show5" time="0.001" classname="com.selenium.testNG.SimpleTest1"/>
  <testcase name="show2" time="0.001" classname="com.selenium.testNG.SimpleTest1"/>
  <testcase name="show3" time="0.002" classname="com.selenium.testNG.SimpleTest1"/>
  <testcase name="show4" time="0.001" classname="com.selenium.testNG.SimpleTest1"/>
  <testcase name="show3" time="0.001" classname="com.selenium.testNG.SimpleTest1"/>
  <testcase name="show3" time="0.001" classname="com.selenium.testNG.SimpleTest1"/>
  <testcase name="show3" time="0.002" classname="com.selenium.testNG.SimpleTest1"/>
  <testcase name="show5" time="0.001" classname="com.selenium.testNG.SimpleTest1"/>
  <testcase name="show1" time="0.020" classname="com.selenium.testNG.SimpleTest1"/>
  <testcase name="show5" time="0.001" classname="com.selenium.testNG.SimpleTest1"/>
  <testcase name="show1" time="0.001" classname="com.selenium.testNG.SimpleTest1"/>
  <testcase name="show4" time="0.002" classname="com.selenium.testNG.SimpleTest1"/>
  <testcase name="show2" time="0.001" classname="com.selenium.testNG.SimpleTest1"/>
  <testcase name="show1" time="0.002" classname="com.selenium.testNG.SimpleTest1"/>
  <testcase name="show4" time="0.001" classname="com.selenium.testNG.SimpleTest1"/>
  <testcase name="show2" time="0.002" classname="com.selenium.testNG.SimpleTest1"/>
  <testcase name="show4" time="0.001" classname="com.selenium.testNG.SimpleTest1"/>
</testsuite> <!-- com.selenium.testNG.SimpleTest1 -->
