<?xml version="1.0" encoding="UTF-8"?>
<!-- Generated by org.testng.reporters.JUnitReportReporter -->
<testsuite hostname="DESKTOP-5IC372P" name="com.selenium.action.Open_New_Tab" tests="1" failures="0" timestamp="2 Apr 2017 05:26:43 GMT" time="55.278" errors="0">
  <testcase name="openNewTab" time="55.278" classname="com.selenium.action.Open_New_Tab"/>
</testsuite> <!-- com.selenium.action.Open_New_Tab -->
