<?xml version="1.0" encoding="UTF-8"?>
<!-- Generated by org.testng.reporters.JUnitReportReporter -->
<testsuite hostname="DESKTOP-5IC372P" name="com.selenium.basics.RetriveAllLinks" tests="1" failures="0" timestamp="16 Sep 2017 18:56:50 GMT" time="22.395" errors="0">
  <testcase name="importlink" time="22.395" classname="com.selenium.basics.RetriveAllLinks"/>
</testsuite> <!-- com.selenium.basics.RetriveAllLinks -->
