<?xml version="1.0" encoding="UTF-8"?>
<!-- Generated by org.testng.reporters.JUnitReportReporter -->
<testsuite hostname="DESKTOP-5IC372P" name="com.selenium.basics.ScrollBarEx" tests="1" failures="0" timestamp="16 Sep 2017 19:04:31 GMT" time="28.095" errors="0">
  <testcase name="scroll" time="28.095" classname="com.selenium.basics.ScrollBarEx"/>
</testsuite> <!-- com.selenium.basics.ScrollBarEx -->
