<?xml version="1.0" encoding="UTF-8"?>
<!-- Generated by org.testng.reporters.JUnitReportReporter -->
<testsuite hostname="DESKTOP-5IC372P" name="com.selenium.testNG.Testng4" tests="1" failures="0" timestamp="30 Mar 2017 12:45:24 GMT" time="0.003" errors="0">
  <testcase name="show4" time="0.003" classname="com.selenium.testNG.Testng4"/>
</testsuite> <!-- com.selenium.testNG.Testng4 -->
