<?xml version="1.0" encoding="UTF-8"?>
<!-- Generated by org.testng.reporters.JUnitReportReporter -->
<testsuite hostname="DESKTOP-5IC372P" name="com.selenium.locators.Locator_ID" tests="1" failures="0" timestamp="25 Aug 2017 09:29:42 GMT" time="6.816" errors="0">
  <testcase name="login" time="6.816" classname="com.selenium.locators.Locator_ID"/>
</testsuite> <!-- com.selenium.locators.Locator_ID -->
