<?xml version="1.0" encoding="UTF-8"?>
<!-- Generated by org.testng.reporters.JUnitReportReporter -->
<testsuite hostname="Rana-PC" name="com.selenium.testNG.InvocationCountRun" tests="20" failures="0" timestamp="9 Mar 2017 17:17:25 GMT" time="0.056" errors="0">
  <testcase name="show" time="0.003" classname="com.selenium.testNG.InvocationCountRun"/>
  <testcase name="show1" time="0.002" classname="com.selenium.testNG.InvocationCountRun"/>
  <testcase name="show" time="0.001" classname="com.selenium.testNG.InvocationCountRun"/>
  <testcase name="show" time="0.002" classname="com.selenium.testNG.InvocationCountRun"/>
  <testcase name="show1" time="0.001" classname="com.selenium.testNG.InvocationCountRun"/>
  <testcase name="show" time="0.003" classname="com.selenium.testNG.InvocationCountRun"/>
  <testcase name="show1" time="0.001" classname="com.selenium.testNG.InvocationCountRun"/>
  <testcase name="show1" time="0.002" classname="com.selenium.testNG.InvocationCountRun"/>
  <testcase name="show" time="0.002" classname="com.selenium.testNG.InvocationCountRun"/>
  <testcase name="show1" time="0.001" classname="com.selenium.testNG.InvocationCountRun"/>
  <testcase name="show1" time="0.002" classname="com.selenium.testNG.InvocationCountRun"/>
  <testcase name="show" time="0.003" classname="com.selenium.testNG.InvocationCountRun"/>
  <testcase name="show1" time="0.001" classname="com.selenium.testNG.InvocationCountRun"/>
  <testcase name="show1" time="0.001" classname="com.selenium.testNG.InvocationCountRun"/>
  <testcase name="show1" time="0.001" classname="com.selenium.testNG.InvocationCountRun"/>
  <testcase name="show" time="0.001" classname="com.selenium.testNG.InvocationCountRun"/>
  <testcase name="show1" time="0.002" classname="com.selenium.testNG.InvocationCountRun"/>
  <testcase name="show" time="0.023" classname="com.selenium.testNG.InvocationCountRun"/>
  <testcase name="show" time="0.000" classname="com.selenium.testNG.InvocationCountRun"/>
  <testcase name="show" time="0.004" classname="com.selenium.testNG.InvocationCountRun"/>
</testsuite> <!-- com.selenium.testNG.InvocationCountRun -->
