<?xml version="1.0" encoding="UTF-8"?>
<!-- Generated by org.testng.reporters.JUnitReportReporter -->
<testsuite hostname="DESKTOP-5IC372P" name="com.selenium.action.KeyBoardAutomaion" tests="1" failures="0" timestamp="16 Sep 2017 16:43:29 GMT" time="3.734" errors="0">
  <testcase name="operation" time="3.734" classname="com.selenium.action.KeyBoardAutomaion"/>
</testsuite> <!-- com.selenium.action.KeyBoardAutomaion -->
