<?xml version="1.0" encoding="UTF-8"?>
<!-- Generated by org.testng.reporters.JUnitReportReporter -->
<testsuite hostname="DESKTOP-5IC372P" name="com.Gmaillogin.TestCases.TC_login" tests="1" failures="0" timestamp="23 Mar 2017 23:39:29 GMT" time="38.585" errors="0">
  <testcase name="login" time="38.585" classname="com.Gmaillogin.TestCases.TC_login"/>
</testsuite> <!-- com.Gmaillogin.TestCases.TC_login -->
