<?xml version="1.0" encoding="UTF-8"?>
<!-- Generated by org.testng.reporters.JUnitReportReporter -->
<testsuite hostname="Rana-PC" name="com.Gmaillogin.Testbase.testbase" tests="1" failures="0" timestamp="14 Mar 2017 09:13:29 GMT" time="127.993" errors="0">
  <testcase name="init" time="127.993" classname="com.Gmaillogin.Testbase.testbase"/>
</testsuite> <!-- com.Gmaillogin.Testbase.testbase -->
