<?xml version="1.0" encoding="UTF-8"?>
<!-- Generated by org.testng.reporters.JUnitReportReporter -->
<testsuite hostname="DESKTOP-5IC372P" name="com.toolsqa.FinalPomFrameWork.TestEexcel" tests="3" failures="0" timestamp="24 Mar 2017 01:57:49 GMT" time="0.023" errors="0">
  <testcase name="excelr" time="0.006" classname="com.toolsqa.FinalPomFrameWork.TestEexcel"/>
  <testcase name="excelr" time="0.004" classname="com.toolsqa.FinalPomFrameWork.TestEexcel"/>
  <testcase name="excelr" time="0.013" classname="com.toolsqa.FinalPomFrameWork.TestEexcel"/>
</testsuite> <!-- com.toolsqa.FinalPomFrameWork.TestEexcel -->
