<?xml version="1.0" encoding="UTF-8"?>
<!-- Generated by org.testng.reporters.JUnitReportReporter -->
<testsuite name="com.jenkin.basic.SimpleProg" tests="1" time="31.525" ignored="0" failures="0" timestamp="17 Sep 2017 06:57:57 GMT" skipped="0" hostname="DESKTOP-5IC372P" errors="0">
  <testcase name="open" time="31.525" classname="com.jenkin.basic.SimpleProg"/>
</testsuite> <!-- com.jenkin.basic.SimpleProg -->
